{"/home/mafg/alumno/EjercicioTestingVitest/src/components/Counter.jsx": {"path":"/home/mafg/alumno/EjercicioTestingVitest/src/components/Counter.jsx","statementMap":{"0":{"start":{"line":5,"column":26},"end":{"line":5,"column":null}},"1":{"start":{"line":6,"column":22},"end":{"line":6,"column":null}},"2":{"start":{"line":8,"column":22},"end":{"line":12,"column":null}},"3":{"start":{"line":9,"column":8},"end":{"line":11,"column":null}},"4":{"start":{"line":10,"column":12},"end":{"line":10,"column":null}},"5":{"start":{"line":10,"column":29},"end":{"line":10,"column":37}},"6":{"start":{"line":14,"column":22},"end":{"line":18,"column":null}},"7":{"start":{"line":15,"column":8},"end":{"line":17,"column":null}},"8":{"start":{"line":16,"column":12},"end":{"line":16,"column":null}},"9":{"start":{"line":16,"column":29},"end":{"line":16,"column":37}},"10":{"start":{"line":20,"column":18},"end":{"line":22,"column":null}},"11":{"start":{"line":21,"column":8},"end":{"line":21,"column":null}},"12":{"start":{"line":25,"column":20},"end":{"line":25,"column":null}},"13":{"start":{"line":26,"column":20},"end":{"line":26,"column":null}},"14":{"start":{"line":28,"column":4},"end":{"line":45,"column":null}}},"fnMap":{"0":{"name":"Counter","decl":{"start":{"line":4,"column":24},"end":{"line":4,"column":32}},"loc":{"start":{"line":4,"column":69},"end":{"line":47,"column":null}},"line":4},"1":{"name":"(anonymous_1)","decl":{"start":{"line":8,"column":22},"end":{"line":8,"column":28}},"loc":{"start":{"line":8,"column":28},"end":{"line":12,"column":null}},"line":8},"2":{"name":"(anonymous_2)","decl":{"start":{"line":10,"column":21},"end":{"line":10,"column":29}},"loc":{"start":{"line":10,"column":29},"end":{"line":10,"column":37}},"line":10},"3":{"name":"(anonymous_3)","decl":{"start":{"line":14,"column":22},"end":{"line":14,"column":28}},"loc":{"start":{"line":14,"column":28},"end":{"line":18,"column":null}},"line":14},"4":{"name":"(anonymous_4)","decl":{"start":{"line":16,"column":21},"end":{"line":16,"column":29}},"loc":{"start":{"line":16,"column":29},"end":{"line":16,"column":37}},"line":16},"5":{"name":"(anonymous_5)","decl":{"start":{"line":20,"column":18},"end":{"line":20,"column":24}},"loc":{"start":{"line":20,"column":24},"end":{"line":22,"column":null}},"line":20}},"branchMap":{"0":{"loc":{"start":{"line":4,"column":34},"end":{"line":4,"column":52}},"type":"default-arg","locations":[{"start":{"line":4,"column":49},"end":{"line":4,"column":52}}],"line":4},"1":{"loc":{"start":{"line":4,"column":52},"end":{"line":4,"column":66}},"type":"default-arg","locations":[{"start":{"line":4,"column":63},"end":{"line":4,"column":66}}],"line":4},"2":{"loc":{"start":{"line":9,"column":8},"end":{"line":11,"column":null}},"type":"if","locations":[{"start":{"line":9,"column":8},"end":{"line":11,"column":null}},{"start":{},"end":{}}],"line":9},"3":{"loc":{"start":{"line":15,"column":8},"end":{"line":17,"column":null}},"type":"if","locations":[{"start":{"line":15,"column":8},"end":{"line":17,"column":null}},{"start":{},"end":{}}],"line":15},"4":{"loc":{"start":{"line":33,"column":13},"end":{"line":33,"column":null}},"type":"binary-expr","locations":[{"start":{"line":33,"column":13},"end":{"line":33,"column":24}},{"start":{"line":33,"column":24},"end":{"line":33,"column":null}}],"line":33},"5":{"loc":{"start":{"line":34,"column":13},"end":{"line":34,"column":null}},"type":"binary-expr","locations":[{"start":{"line":34,"column":13},"end":{"line":34,"column":24}},{"start":{"line":34,"column":24},"end":{"line":34,"column":null}}],"line":34}},"s":{"0":21,"1":21,"2":21,"3":12,"4":12,"5":12,"6":21,"7":1,"8":1,"9":1,"10":21,"11":1,"12":21,"13":21,"14":21},"f":{"0":21,"1":12,"2":12,"3":1,"4":1,"5":1},"b":{"0":[21],"1":[21],"2":[12,0],"3":[1,0],"4":[21,2],"5":[21,5]},"meta":{"lastBranch":6,"lastFunction":6,"lastStatement":15,"seen":{"f:4:24:4:32":0,"b:4:49:4:52":0,"b:4:63:4:66":1,"s:5:26:5:Infinity":0,"s:6:22:6:Infinity":1,"s:8:22:12:Infinity":2,"f:8:22:8:28":1,"b:9:8:11:Infinity:undefined:undefined:undefined:undefined":2,"s:9:8:11:Infinity":3,"s:10:12:10:Infinity":4,"f:10:21:10:29":2,"s:10:29:10:37":5,"s:14:22:18:Infinity":6,"f:14:22:14:28":3,"b:15:8:17:Infinity:undefined:undefined:undefined:undefined":3,"s:15:8:17:Infinity":7,"s:16:12:16:Infinity":8,"f:16:21:16:29":4,"s:16:29:16:37":9,"s:20:18:22:Infinity":10,"f:20:18:20:24":5,"s:21:8:21:Infinity":11,"s:25:20:25:Infinity":12,"s:26:20:26:Infinity":13,"s:28:4:45:Infinity":14,"b:33:13:33:24:33:24:33:Infinity":4,"b:34:13:34:24:34:24:34:Infinity":5}}}
,"/home/mafg/alumno/EjercicioTestingVitest/src/utils/DataValidator.js": {"path":"/home/mafg/alumno/EjercicioTestingVitest/src/utils/DataValidator.js","statementMap":{"0":{"start":{"line":2,"column":4},"end":{"line":4,"column":null}},"1":{"start":{"line":3,"column":8},"end":{"line":3,"column":null}},"2":{"start":{"line":5,"column":23},"end":{"line":5,"column":61}},"3":{"start":{"line":6,"column":4},"end":{"line":6,"column":null}}},"fnMap":{"0":{"name":"calculateDiscount","decl":{"start":{"line":1,"column":16},"end":{"line":1,"column":33}},"loc":{"start":{"line":1,"column":61},"end":{"line":7,"column":null}},"line":1}},"branchMap":{"0":{"loc":{"start":{"line":2,"column":4},"end":{"line":4,"column":null}},"type":"if","locations":[{"start":{"line":2,"column":4},"end":{"line":4,"column":null}},{"start":{},"end":{}}],"line":2},"1":{"loc":{"start":{"line":2,"column":8},"end":{"line":2,"column":72}},"type":"binary-expr","locations":[{"start":{"line":2,"column":8},"end":{"line":2,"column":18}},{"start":{"line":2,"column":22},"end":{"line":2,"column":44}},{"start":{"line":2,"column":48},"end":{"line":2,"column":72}}],"line":2}},"s":{"0":8,"1":4,"2":4,"3":4},"f":{"0":8},"b":{"0":[4,4],"1":[8,6,5]},"meta":{"lastBranch":2,"lastFunction":1,"lastStatement":4,"seen":{"f:1:16:1:33":0,"b:2:4:4:Infinity:undefined:undefined:undefined:undefined":0,"s:2:4:4:Infinity":0,"b:2:8:2:18:2:22:2:44:2:48:2:72":1,"s:3:8:3:Infinity":1,"s:5:23:5:61":2,"s:6:4:6:Infinity":3}}}
,"/home/mafg/alumno/EjercicioTestingVitest/src/utils/fetchUserPosts.js": {"path":"/home/mafg/alumno/EjercicioTestingVitest/src/utils/fetchUserPosts.js","statementMap":{"0":{"start":{"line":2,"column":16},"end":{"line":2,"column":60}},"1":{"start":{"line":6,"column":4},"end":{"line":8,"column":null}},"2":{"start":{"line":7,"column":8},"end":{"line":7,"column":null}},"3":{"start":{"line":11,"column":21},"end":{"line":11,"column":63}},"4":{"start":{"line":13,"column":4},"end":{"line":16,"column":null}},"5":{"start":{"line":15,"column":8},"end":{"line":15,"column":null}},"6":{"start":{"line":18,"column":18},"end":{"line":18,"column":39}},"7":{"start":{"line":19,"column":4},"end":{"line":19,"column":null}},"8":{"start":{"line":21,"column":4},"end":{"line":25,"column":null}},"9":{"start":{"line":22,"column":8},"end":{"line":22,"column":null}},"10":{"start":{"line":24,"column":8},"end":{"line":24,"column":null}}},"fnMap":{"0":{"name":"fetchUserPosts","decl":{"start":{"line":5,"column":22},"end":{"line":5,"column":36}},"loc":{"start":{"line":5,"column":45},"end":{"line":26,"column":null}},"line":5}},"branchMap":{"0":{"loc":{"start":{"line":6,"column":4},"end":{"line":8,"column":null}},"type":"if","locations":[{"start":{"line":6,"column":4},"end":{"line":8,"column":null}},{"start":{},"end":{}}],"line":6},"1":{"loc":{"start":{"line":13,"column":4},"end":{"line":16,"column":null}},"type":"if","locations":[{"start":{"line":13,"column":4},"end":{"line":16,"column":null}},{"start":{},"end":{}}],"line":13},"2":{"loc":{"start":{"line":21,"column":4},"end":{"line":25,"column":null}},"type":"if","locations":[{"start":{"line":21,"column":4},"end":{"line":25,"column":null}},{"start":{"line":23,"column":11},"end":{"line":25,"column":null}}],"line":21}},"s":{"0":1,"1":6,"2":1,"3":5,"4":5,"5":1,"6":4,"7":4,"8":4,"9":1,"10":3},"f":{"0":6},"b":{"0":[1,5],"1":[1,4],"2":[1,3]},"meta":{"lastBranch":3,"lastFunction":1,"lastStatement":11,"seen":{"s:2:16:2:60":0,"f:5:22:5:36":0,"b:6:4:8:Infinity:undefined:undefined:undefined:undefined":0,"s:6:4:8:Infinity":1,"s:7:8:7:Infinity":2,"s:11:21:11:63":3,"b:13:4:16:Infinity:undefined:undefined:undefined:undefined":1,"s:13:4:16:Infinity":4,"s:15:8:15:Infinity":5,"s:18:18:18:39":6,"s:19:4:19:Infinity":7,"b:21:4:25:Infinity:23:11:25:Infinity":2,"s:21:4:25:Infinity":8,"s:22:8:22:Infinity":9,"s:24:8:24:Infinity":10}}}
}
